<?xml version="1.0" encoding="utf-8"?><testsuites name="pytest tests"><testsuite name="pytest" errors="0" failures="0" skipped="0" tests="7" time="23.516" timestamp="2026-07-02T14:02:33.138476+00:00" hostname="agent-env-6aa0fef8-6329-48fb-9349-f9982d2cd89c"><testcase classname="backend.tests.test_login_throttle_fix" name="test_1_admin_15_successive_logins" time="5.455" /><testcase classname="backend.tests.test_login_throttle_fix" name="test_2_fails_then_success_clears" time="6.986" /><testcase classname="backend.tests.test_login_throttle_fix" name="test_3_throttle_kicks_in_after_10_failures" time="1.414" /><testcase classname="backend.tests.test_login_throttle_fix" name="test_4_throttle_isolated_per_email" time="2.204" /><testcase classname="backend.tests.test_login_throttle_fix" name="test_5_admin_unlock_single_email" time="1.960" /><testcase classname="backend.tests.test_login_throttle_fix" name="test_6_admin_unlock_all" time="3.215" /><testcase classname="backend.tests.test_login_throttle_fix" name="test_7_existing_users_bcrypt_no_crash" time="2.225" /></testsuite></testsuites>