<?xml version="1.0" encoding="utf-8"?><testsuites name="pytest tests"><testsuite name="pytest" errors="0" failures="0" skipped="0" tests="13" time="2.795" timestamp="2026-06-22T06:16:19.454622+00:00" hostname="agent-env-6aa0fef8-6329-48fb-9349-f9982d2cd89c"><testcase classname="backend.tests.test_tier_gating.TestMatchesGating" name="test_anonymous_matches_locked" time="0.182" /><testcase classname="backend.tests.test_tier_gating.TestMatchesGating" name="test_free_user_matches_locked" time="0.446" /><testcase classname="backend.tests.test_tier_gating.TestMatchesGating" name="test_admin_matches_all_unlocked" time="0.488" /><testcase classname="backend.tests.test_tier_gating.TestTopGating" name="test_anonymous_top_only_first_unlocked" time="0.165" /><testcase classname="backend.tests.test_tier_gating.TestTopGating" name="test_pro_top_all_unlocked" time="0.119" /><testcase classname="backend.tests.test_tier_gating.TestCombosGating" name="test_anonymous_combos_all_locked" time="0.115" /><testcase classname="backend.tests.test_tier_gating.TestCombosGating" name="test_admin_combos_unlocked" time="0.111" /><testcase classname="backend.tests.test_tier_gating.TestMatchDetailGating" name="test_anonymous_match_detail_locked" time="0.223" /><testcase classname="backend.tests.test_tier_gating.TestMatchDetailGating" name="test_admin_match_detail_unlocked" time="0.227" /><testcase classname="backend.tests.test_tier_gating.TestRegisterWelcomeEmail" name="test_register_fast_and_returns_token" time="0.318" /><testcase classname="backend.tests.test_tier_gating.TestSportsAndDiversity" name="test_world_cup_in_supported_keys" time="0.033" /><testcase classname="backend.tests.test_tier_gating.TestSportsAndDiversity" name="test_competition_cap_at_12" time="0.141" /><testcase classname="backend.tests.test_tier_gating.TestSportsAndDiversity" name="test_world_cup_match_present" time="0.138" /></testsuite></testsuites>