<?xml version="1.0" encoding="utf-8"?><testsuites name="pytest tests"><testsuite name="pytest" errors="0" failures="0" skipped="0" tests="6" time="2.612" timestamp="2026-07-02T14:57:41.692531+00:00" hostname="agent-env-6aa0fef8-6329-48fb-9349-f9982d2cd89c"><testcase classname="backend.tests.test_source_audit" name="test_audit_public_no_auth_required" time="0.177" /><testcase classname="backend.tests.test_source_audit" name="test_audit_shape" time="0.170" /><testcase classname="backend.tests.test_source_audit" name="test_audit_data_source_live" time="0.000" /><testcase classname="backend.tests.test_source_audit" name="test_audit_sports_samples" time="0.000" /><testcase classname="backend.tests.test_source_audit" name="test_audit_ids_are_real_not_16hex" time="0.242" /><testcase classname="backend.tests.test_source_audit" name="test_admin_login_5x" time="1.957" /></testsuite></testsuites>