<?xml version="1.0" encoding="utf-8"?><testsuites name="pytest tests"><testsuite name="pytest" errors="0" failures="3" skipped="0" tests="7" time="58.640" timestamp="2026-07-02T13:57:00.938432+00:00" hostname="agent-env-6aa0fef8-6329-48fb-9349-f9982d2cd89c"><testcase classname="backend.tests.test_login_throttle_fix" name="test_1_admin_15_successive_logins" time="5.669" /><testcase classname="backend.tests.test_login_throttle_fix" name="test_2_fails_then_success_clears" time="7.740" /><testcase classname="backend.tests.test_login_throttle_fix" name="test_3_throttle_kicks_in_after_10_failures" time="1.610"><failure message="AssertionError: 11th should be 429, got 400 — full: [400, 400, 400, 400, 400, 400, 400, 400, 400, 400, 400]&#10;assert 400 == 429">backend/tests/test_login_throttle_fix.py:77: in test_3_throttle_kicks_in_after_10_failures
    assert statuses[10] == 429, f"11th should be 429, got {statuses[10]} — full: {statuses}"
E   AssertionError: 11th should be 429, got 400 — full: [400, 400, 400, 400, 400, 400, 400, 400, 400, 400, 400]
E   assert 400 == 429</failure></testcase><testcase classname="backend.tests.test_login_throttle_fix" name="test_4_throttle_isolated_per_email" time="1.692"><failure message="assert 400 == 429&#10; +  where 400 = &lt;Response [400]&gt;.status_code">backend/tests/test_login_throttle_fix.py:89: in test_4_throttle_isolated_per_email
    assert r.status_code == 429
E   assert 400 == 429
E    +  where 400 = &lt;Response [400]&gt;.status_code</failure></testcase><testcase classname="backend.tests.test_login_throttle_fix" name="test_5_admin_unlock_single_email" time="1.654"><failure message="assert 400 == 429&#10; +  where 400 = &lt;Response [400]&gt;.status_code">backend/tests/test_login_throttle_fix.py:102: in test_5_admin_unlock_single_email
    assert r.status_code == 429
E   assert 400 == 429
E    +  where 400 = &lt;Response [400]&gt;.status_code</failure></testcase><testcase classname="backend.tests.test_login_throttle_fix" name="test_6_admin_unlock_all" time="8.913" /><testcase classname="backend.tests.test_login_throttle_fix" name="test_7_existing_users_bcrypt_no_crash" time="31.271" /></testsuite></testsuites>