<?xml version="1.0" encoding="utf-8"?><testsuites name="pytest tests"><testsuite name="pytest" errors="0" failures="0" skipped="0" tests="7" time="1.618" timestamp="2026-07-12T01:55:09.854898+00:00" hostname="agent-env-6aa0fef8-6329-48fb-9349-f9982d2cd89c"><testcase classname="backend.tests.test_batch_west_africa_reasoning" name="test_top_picks_have_new_fields" time="0.746" /><testcase classname="backend.tests.test_batch_west_africa_reasoning" name="test_reasoning_shape_when_present" time="0.000" /><testcase classname="backend.tests.test_batch_west_africa_reasoning" name="test_bookmakers_used_shape" time="0.000" /><testcase classname="backend.tests.test_batch_west_africa_reasoning" name="test_west_african_bookmakers_present_somewhere" time="0.000" /><testcase classname="backend.tests.test_batch_west_africa_reasoning" name="test_match_detail_reflects_is_live_and_reasoning" time="0.362" /><testcase classname="backend.tests.test_batch_west_africa_reasoning" name="test_predictions_history_returns_stats" time="0.104" /><testcase classname="backend.tests.test_batch_west_africa_reasoning" name="test_admin_login_still_works" time="0.319" /></testsuite></testsuites>