<?xml version="1.0" encoding="utf-8"?><testsuites name="pytest tests"><testsuite name="pytest" errors="0" failures="0" skipped="0" tests="13" time="10.672" timestamp="2026-07-02T14:22:59.086759+00:00" hostname="agent-env-6aa0fef8-6329-48fb-9349-f9982d2cd89c"><testcase classname="backend.tests.test_builder_and_value_bets.TestBuilderMatches" name="test_builder_matches_returns_matches_and_total" time="0.755" /><testcase classname="backend.tests.test_builder_and_value_bets.TestBuilderMatches" name="test_soccer_filter_only_soccer" time="0.171" /><testcase classname="backend.tests.test_builder_and_value_bets.TestBuilderMatches" name="test_soccer_match_has_multiple_picks_with_synthetics" time="0.214" /><testcase classname="backend.tests.test_builder_and_value_bets.TestBuilderStats" name="test_stats_for_soccer_match" time="0.323" /><testcase classname="backend.tests.test_builder_and_value_bets.TestBuilderSaveAndList" name="test_save_combo" time="0.292" /><testcase classname="backend.tests.test_builder_and_value_bets.TestBuilderSaveAndList" name="test_list_my_combos_contains_saved" time="0.104" /><testcase classname="backend.tests.test_builder_and_value_bets.TestBuilderSaveAndList" name="test_delete_my_combo" time="0.106" /><testcase classname="backend.tests.test_builder_and_value_bets.TestBuilderSaveAndList" name="test_save_rejects_empty" time="0.102" /><testcase classname="backend.tests.test_builder_and_value_bets.TestValueBets" name="test_preview_no_send" time="0.153" /><testcase classname="backend.tests.test_builder_and_value_bets.TestValueBets" name="test_run_is_idempotent" time="1.718" /><testcase classname="backend.tests.test_builder_and_value_bets.TestValueBets" name="test_requires_admin" time="0.101" /><testcase classname="backend.tests.test_builder_and_value_bets.TestLoginRegression" name="test_15_successive_admin_logins" time="6.563" /><testcase classname="backend.tests.test_builder_and_value_bets.TestSyntheticEngine" name="test_analyze_match_h2h_only_yields_5plus_markets" time="0.003" /></testsuite></testsuites>