<?xml version="1.0" encoding="utf-8"?><testsuites name="pytest tests"><testsuite name="pytest" errors="0" failures="0" skipped="1" tests="13" time="2.327" timestamp="2026-06-27T17:37:54.603102+00:00" hostname="agent-env-6aa0fef8-6329-48fb-9349-f9982d2cd89c"><testcase classname="backend.tests.test_auto_follower.TestAuthMeField" name="test_admin_me_has_auto_follower_enabled" time="0.599" /><testcase classname="backend.tests.test_auto_follower.TestAuthMeField" name="test_free_me_has_auto_follower_enabled_default_true" time="0.442" /><testcase classname="backend.tests.test_auto_follower.TestPreferences" name="test_free_user_forbidden" time="0.100" /><testcase classname="backend.tests.test_auto_follower.TestPreferences" name="test_admin_can_toggle_off_and_on" time="0.320" /><testcase classname="backend.tests.test_auto_follower.TestAutoFollowerRun" name="test_non_admin_forbidden" time="0.096" /><testcase classname="backend.tests.test_auto_follower.TestAutoFollowerRun" name="test_admin_dry_run_shape" time="0.103" /><testcase classname="backend.tests.test_auto_follower.TestPreviewAndIdempotence" name="test_preview_equivalent_to_dry_run" time="0.110" /><testcase classname="backend.tests.test_auto_follower.TestPreviewAndIdempotence" name="test_idempotence_second_real_run_skips" time="0.090"><skipped type="pytest.skip" message="no_picks: cannot validate idempotence today">/app/backend/tests/test_auto_follower.py:122: no_picks: cannot validate idempotence today</skipped></testcase><testcase classname="backend.tests.test_auto_follower.TestWhatsAppBlast" name="test_non_admin_forbidden" time="0.090" /><testcase classname="backend.tests.test_auto_follower.TestWhatsAppBlast" name="test_admin_blast_shape" time="0.103" /><testcase classname="backend.tests.test_auto_follower.TestBlogSeedNumbers" name="test_blog_seed_phone_numbers" time="0.000" /><testcase classname="backend.tests.test_auto_follower.TestRegression" name="test_predictions_top_public" time="0.096" /><testcase classname="backend.tests.test_auto_follower.TestRegression" name="test_matches_public" time="0.095" /></testsuite></testsuites>