<?xml version="1.0" encoding="utf-8"?><testsuites name="pytest tests"><testsuite name="pytest" errors="0" failures="1" skipped="0" tests="5" time="3.574" timestamp="2026-07-10T20:02:27.280252+00:00" hostname="agent-env-6aa0fef8-6329-48fb-9349-f9982d2cd89c"><testcase classname="backend.tests.test_live_and_login" name="test_login_admin_returns_200" time="0.504" /><testcase classname="backend.tests.test_live_and_login" name="test_five_consecutive_admin_logins" time="1.463" /><testcase classname="backend.tests.test_live_and_login" name="test_wrong_password_throttle" time="0.954" /><testcase classname="backend.tests.test_live_and_login" name="test_scores_endpoint_shape" time="0.106" /><testcase classname="backend.tests.test_live_and_login" name="test_regression_endpoints" time="0.461"><failure message="AssertionError: /api/health returned 404: {&quot;detail&quot;:&quot;Not Found&quot;}&#10;assert 404 in (200, 204)&#10; +  where 404 = &lt;Response [404]&gt;.status_code">backend/tests/test_live_and_login.py:90: in test_regression_endpoints
    assert r.status_code in (200, 204), f"{path} returned {r.status_code}: {r.text[:200]}"
E   AssertionError: /api/health returned 404: {"detail":"Not Found"}
E   assert 404 in (200, 204)
E    +  where 404 = &lt;Response [404]&gt;.status_code</failure></testcase></testsuite></testsuites>