<?xml version="1.0" encoding="utf-8"?><testsuites name="pytest tests"><testsuite name="pytest" errors="0" failures="0" skipped="0" tests="20" time="2.610" timestamp="2026-06-22T04:46:58.693100+00:00" hostname="agent-env-6aa0fef8-6329-48fb-9349-f9982d2cd89c"><testcase classname="backend.tests.test_pronostix_api.TestPublic" name="test_root" time="0.125" /><testcase classname="backend.tests.test_pronostix_api.TestPublic" name="test_sports" time="0.041" /><testcase classname="backend.tests.test_pronostix_api.TestPublic" name="test_plans" time="0.041" /><testcase classname="backend.tests.test_pronostix_api.TestAuth" name="test_login_demo" time="0.270" /><testcase classname="backend.tests.test_pronostix_api.TestAuth" name="test_login_invalid" time="0.268" /><testcase classname="backend.tests.test_pronostix_api.TestAuth" name="test_register_new_then_me" time="0.307" /><testcase classname="backend.tests.test_pronostix_api.TestAuth" name="test_register_duplicate" time="0.042" /><testcase classname="backend.tests.test_pronostix_api.TestMatches" name="test_matches_list" time="0.054" /><testcase classname="backend.tests.test_pronostix_api.TestMatches" name="test_matches_filter_by_sport" time="0.044" /><testcase classname="backend.tests.test_pronostix_api.TestMatches" name="test_match_detail" time="0.096" /><testcase classname="backend.tests.test_pronostix_api.TestMatches" name="test_match_detail_404" time="0.041" /><testcase classname="backend.tests.test_pronostix_api.TestMatches" name="test_top_predictions" time="0.048" /><testcase classname="backend.tests.test_pronostix_api.TestMatches" name="test_combo" time="0.045" /><testcase classname="backend.tests.test_pronostix_api.TestMatches" name="test_combo_clamped" time="0.045" /><testcase classname="backend.tests.test_pronostix_api.TestAIAnalysis" name="test_analysis_requires_auth" time="0.094" /><testcase classname="backend.tests.test_pronostix_api.TestAIAnalysis" name="test_analysis_free_user" time="0.354" /><testcase classname="backend.tests.test_pronostix_api.TestHistory" name="test_history_seed_and_stats" time="0.041" /><testcase classname="backend.tests.test_pronostix_api.TestSubscription" name="test_checkout_and_confirm_upgrades_tier" time="0.432" /><testcase classname="backend.tests.test_pronostix_api.TestSubscription" name="test_checkout_invalid_tier" time="0.083" /><testcase classname="backend.tests.test_pronostix_api.TestSubscription" name="test_confirm_unknown_reference" time="0.043" /></testsuite></testsuites>