<?xml version="1.0" encoding="utf-8"?><testsuites name="pytest tests"><testsuite name="pytest" errors="0" failures="0" skipped="0" tests="35" time="6.527" timestamp="2026-06-22T05:26:44.327081+00:00" hostname="agent-env-6aa0fef8-6329-48fb-9349-f9982d2cd89c"><testcase classname="backend.tests.test_winpulse_admin.TestBranding" name="test_app_name_is_winpulse" time="0.236" /><testcase classname="backend.tests.test_winpulse_admin.TestMultiCombos" name="test_combos_endpoint_returns_three_tiers" time="0.052" /><testcase classname="backend.tests.test_winpulse_admin.TestRealOdds" name="test_matches_are_real_no_mock_psg" time="0.102" /><testcase classname="backend.tests.test_winpulse_admin.TestAdminAuth" name="test_admin_login" time="0.271" /><testcase classname="backend.tests.test_winpulse_admin.TestAdminAuth" name="test_admin_routes_require_admin" time="0.040" /><testcase classname="backend.tests.test_winpulse_admin.TestAdminAuth" name="test_non_admin_user_blocked" time="0.307" /><testcase classname="backend.tests.test_winpulse_admin.TestAdminEndpoints" name="test_admin_stats" time="0.307" /><testcase classname="backend.tests.test_winpulse_admin.TestAdminEndpoints" name="test_admin_list_users" time="0.042" /><testcase classname="backend.tests.test_winpulse_admin.TestAdminEndpoints" name="test_admin_list_payments_no_filter" time="0.043" /><testcase classname="backend.tests.test_winpulse_admin.TestAdminEndpoints" name="test_admin_list_payments_pending_filter" time="0.042" /><testcase classname="backend.tests.test_winpulse_admin.TestPaymentLifecycle" name="test_full_cycle_register_checkout_admin_confirm_upgrade" time="0.769" /><testcase classname="backend.tests.test_winpulse_admin.TestPaymentLifecycle" name="test_admin_reject_payment" time="0.428" /><testcase classname="backend.tests.test_winpulse_admin.TestPaymentLifecycle" name="test_admin_confirm_unknown_reference" time="0.043" /><testcase classname="backend.tests.test_winpulse_admin.TestEmail" name="test_admin_test_email" time="0.239" /><testcase classname="backend.tests.test_winpulse_admin.TestEmail" name="test_admin_broadcast_picks" time="0.624" /><testcase classname="backend.tests.test_pronostix_api.TestPublic" name="test_root" time="0.094" /><testcase classname="backend.tests.test_pronostix_api.TestPublic" name="test_sports" time="0.038" /><testcase classname="backend.tests.test_pronostix_api.TestPublic" name="test_plans" time="0.042" /><testcase classname="backend.tests.test_pronostix_api.TestAuth" name="test_login_demo" time="0.284" /><testcase classname="backend.tests.test_pronostix_api.TestAuth" name="test_login_invalid" time="0.263" /><testcase classname="backend.tests.test_pronostix_api.TestAuth" name="test_register_new_then_me" time="0.310" /><testcase classname="backend.tests.test_pronostix_api.TestAuth" name="test_register_duplicate" time="0.039" /><testcase classname="backend.tests.test_pronostix_api.TestMatches" name="test_matches_list" time="0.086" /><testcase classname="backend.tests.test_pronostix_api.TestMatches" name="test_matches_filter_by_sport" time="0.047" /><testcase classname="backend.tests.test_pronostix_api.TestMatches" name="test_match_detail" time="0.112" /><testcase classname="backend.tests.test_pronostix_api.TestMatches" name="test_match_detail_404" time="0.045" /><testcase classname="backend.tests.test_pronostix_api.TestMatches" name="test_top_predictions" time="0.050" /><testcase classname="backend.tests.test_pronostix_api.TestMatches" name="test_combo" time="0.047" /><testcase classname="backend.tests.test_pronostix_api.TestMatches" name="test_combo_clamped" time="0.050" /><testcase classname="backend.tests.test_pronostix_api.TestAIAnalysis" name="test_analysis_requires_auth" time="0.154" /><testcase classname="backend.tests.test_pronostix_api.TestAIAnalysis" name="test_analysis_free_user" time="0.373" /><testcase classname="backend.tests.test_pronostix_api.TestHistory" name="test_history_seed_and_stats" time="0.040" /><testcase classname="backend.tests.test_pronostix_api.TestSubscription" name="test_checkout_and_confirm_upgrades_tier" time="0.659" /><testcase classname="backend.tests.test_pronostix_api.TestSubscription" name="test_checkout_invalid_tier" time="0.041" /><testcase classname="backend.tests.test_pronostix_api.TestSubscription" name="test_confirm_unknown_reference" time="0.081" /></testsuite></testsuites>